du: *: No such file or directory
du: /.DocumentRevisions-V100: Permission denied
du: /.fseventsd: Permission denied
du: /.Spotlight-V100: Permission denied
du: /.Trashes: Permission denied
du: /Library/Application Support/Apple/ParentalControls/Users: Permission denied
du: /Library/Application Support/ApplePushService: Permission denied
du: /Library/Application Support/com.apple.TCC: Permission denied
du: /Library/Application Support/Wireshark: Permission denied
du: /Library/Caches/com.apple.iconservices.store: Permission denied
du: /Library/Caches/com.apple.Spotlight/schema.-2.plist: Permission denied
du: /Library/Caches/com.apple.Spotlight/schema.235.plist: Permission denied
du: /Library/Caches/com.apple.Spotlight/schema.501.plist: Permission denied
du: /Library/Caches/com.apple.Spotlight/schema.502.plist: Permission denied
du: /Library/Caches/com.apple.Spotlight/schema.89.plist: Permission denied
du: /Library/Nessus/run/var/nessus: Permission denied
du: /Library/PostgreSQL/9.3/data: Permission denied
du: /private/etc/cups/certs: Permission denied
du: /private/var/agentx: Permission denied
du: /private/var/at/tabs: Permission denied
du: /private/var/at/tmp: Permission denied
du: /private/var/audit: Permission denied
du: /private/var/backups: Permission denied
du: /private/var/db/caches/opendirectory: Permission denied
du: /private/var/db/ConfigurationProfiles/Setup: Permission denied
du: /private/var/db/dhcpclient: Permission denied
du: /private/var/db/dslocal/nodes/Default: Permission denied
du: /private/var/db/geod: Permission denied
du: /private/var/db/launchd.db/com.apple.launchd.peruser.0: Permission denied
du: /private/var/db/launchd.db/com.apple.launchd.peruser.200: Permission denied
du: /private/var/db/launchd.db/com.apple.launchd.peruser.201: Permission denied
du: /private/var/db/launchd.db/com.apple.launchd.peruser.202: Permission denied
du: /private/var/db/launchd.db/com.apple.launchd.peruser.212: Permission denied
du: /private/var/db/launchd.db/com.apple.launchd.peruser.26: Permission denied
du: /private/var/db/launchd.db/com.apple.launchd.peruser.27: Permission denied
du: /private/var/db/launchd.db/com.apple.launchd.peruser.4294967294: Permission denied
du: /private/var/db/launchd.db/com.apple.launchd.peruser.502: Permission denied
du: /private/var/db/launchd.db/com.apple.launchd.peruser.504: Permission denied
du: /private/var/db/launchd.db/com.apple.launchd.peruser.55: Permission denied
du: /private/var/db/launchd.db/com.apple.launchd.peruser.88: Permission denied
du: /private/var/db/launchd.db/com.apple.launchd.peruser.89: Permission denied
du: /private/var/db/launchd.db/com.apple.launchd.peruser.92: Permission denied
du: /private/var/db/launchd.db/com.apple.launchd.peruser.97: Permission denied
du: /private/var/db/locationd: Permission denied
du: /private/var/db/net-snmp: Permission denied
du: /private/var/db/nsurlsessiond: Permission denied
du: /private/var/db/securityagent: Permission denied
du: /private/var/db/Spotlight: Permission denied
du: /private/var/db/sudo: Permission denied
du: /private/var/db/TokenCache: Permission denied
du: /private/var/folders/4l/trr873rj7xzcmbmfs3738xqw0000gp/C: Permission denied
du: /private/var/folders/4l/trr873rj7xzcmbmfs3738xqw0000gp/T: Permission denied
du: /private/var/folders/_1/_y0hrw795px962fy386rgqch0000gn/T/vmware-root: Permission denied
du: /private/var/folders/zz/zyxvpxvq6csfxvn_n0000000000000/0/com.apple.revisiond.temp: Permission denied
du: /private/var/folders/zz/zyxvpxvq6csfxvn_n0000000000000/0/com.apple.Spotlight: Permission denied
du: /private/var/folders/zz/zyxvpxvq6csfxvn_n0000000000000/C: Permission denied
du: /private/var/folders/zz/zyxvpxvq6csfxvn_n0000000000000/T: Permission denied
du: /private/var/folders/zz/zyxvpxvq6csfxvn_n000003000000r/T: Permission denied
du: /private/var/folders/zz/zyxvpxvq6csfxvn_n000003800000t/C: Permission denied
du: /private/var/folders/zz/zyxvpxvq6csfxvn_n000006w00001q/C: Permission denied
du: /private/var/folders/zz/zyxvpxvq6csfxvn_n000006w00001q/T: Permission denied
du: /private/var/folders/zz/zyxvpxvq6csfxvn_n0000084000021/C: Permission denied
du: /private/var/folders/zz/zyxvpxvq6csfxvn_n0000084000021/T: Permission denied
du: /private/var/folders/zz/zyxvpxvq6csfxvn_n00000b400002s/C: Permission denied
du: /private/var/folders/zz/zyxvpxvq6csfxvn_n00000b400002s/T: Permission denied
du: /private/var/folders/zz/zyxvpxvq6csfxvn_n00000bh00002w/C: Permission denied
du: /private/var/folders/zz/zyxvpxvq6csfxvn_n00000bh00002w/T: Permission denied
du: /private/var/folders/zz/zyxvpxvq6csfxvn_n00000c4000031/C: Permission denied
du: /private/var/folders/zz/zyxvpxvq6csfxvn_n00000c4000031/T: Permission denied
du: /private/var/folders/zz/zyxvpxvq6csfxvn_n00000s0000068/C: Permission denied
du: /private/var/folders/zz/zyxvpxvq6csfxvn_n00000s0000068/T: Permission denied
du: /private/var/folders/zz/zyxvpxvq6csfxvn_n00000s800006_/C: Permission denied
du: /private/var/folders/zz/zyxvpxvq6csfxvn_n00000s800006_/T: Permission denied
du: /private/var/folders/zz/zyxvpxvq6csfxvn_n00000sm00006d/C: Permission denied
du: /private/var/folders/zz/zyxvpxvq6csfxvn_n00000sm00006d/T: Permission denied
du: /private/var/folders/zz/zyxvpxvq6csfxvn_n00000th00006m/C: Permission denied
du: /private/var/folders/zz/zyxvpxvq6csfxvn_n00000th00006m/T: Permission denied
du: /private/var/folders/zz/zyxvpxvq6csfxvn_n00000tm00006n/T: Permission denied
du: /private/var/folders/zz/zyxvpxvq6csfxvn_n00000vr00006y/C: Permission denied
du: /private/var/folders/zz/zyxvpxvq6csfxvn_n00000vr00006y/T: Permission denied
du: /private/var/folders/zz/zyxvpxvq6csfxvn_n00000xc00007b/C: Permission denied
du: /private/var/folders/zz/zyxvpxvq6csfxvn_n00000xc00007b/T: Permission denied
du: /private/var/folders/zz/zyxvpxvq6csfxvn_n00000y000007h/C: Permission denied
du: /private/var/folders/zz/zyxvpxvq6csfxvn_n00000y000007h/T: Permission denied
du: /private/var/folders/zz/zyxvpxvq6csfxvn_n00000y400007j/T: Permission denied
du: /private/var/folders/zz/zyxvpxvq6csfxvn_n00000y800007k/T: Permission denied
du: /private/var/folders/zz/zyxvpxvq6csfxvn_n00000yc00007l/T: Permission denied
du: /private/var/folders/zz/zyxvpxvq6csfxvn_ngzzzzzvzzzzzy/C: Permission denied
du: /private/var/folders/zz/zyxvpxvq6csfxvn_ngzzzzzvzzzzzy/T: Permission denied
du: /private/var/jabberd: Permission denied
du: /private/var/lib/postfix: Permission denied
du: /private/var/log/com.apple.launchd.peruser.0: Permission denied
du: /private/var/log/com.apple.launchd.peruser.200: Permission denied
du: /private/var/log/com.apple.launchd.peruser.202: Permission denied
du: /private/var/log/com.apple.launchd.peruser.212: Permission denied
du: /private/var/log/com.apple.launchd.peruser.26: Permission denied
du: /private/var/log/com.apple.launchd.peruser.27: Permission denied
du: /private/var/log/com.apple.launchd.peruser.4294967294: Permission denied
du: /private/var/log/com.apple.launchd.peruser.502: Permission denied
du: /private/var/log/com.apple.launchd.peruser.504: Permission denied
du: /private/var/log/com.apple.launchd.peruser.55: Permission denied
du: /private/var/log/com.apple.launchd.peruser.89: Permission denied
du: /private/var/log/com.apple.launchd.peruser.92: Permission denied
du: /private/var/log/com.apple.launchd.peruser.97: Permission denied
du: /private/var/log/com.apple.revisiond: Permission denied
du: /private/var/log/watchdogd/log: Permission denied
du: /private/var/root: Permission denied
du: /private/var/run/mds: Permission denied
du: /private/var/spool/cups: Permission denied
du: /private/var/spool/fax: Permission denied
du: /private/var/spool/mqueue: Permission denied
du: /private/var/spool/postfix/active: Permission denied
du: /private/var/spool/postfix/bounce: Permission denied
du: /private/var/spool/postfix/corrupt: Permission denied
du: /private/var/spool/postfix/defer: Permission denied
du: /private/var/spool/postfix/deferred: Permission denied
du: /private/var/spool/postfix/flush: Permission denied
du: /private/var/spool/postfix/hold: Permission denied
du: /private/var/spool/postfix/incoming: Permission denied
du: /private/var/spool/postfix/maildrop: Permission denied
du: /private/var/spool/postfix/private: Permission denied
du: /private/var/spool/postfix/public: Permission denied
du: /private/var/spool/postfix/saved: Permission denied
du: /private/var/spool/postfix/trace: Permission denied
du: /System/Library/Caches/com.apple.coresymbolicationd: Permission denied
du: /System/Library/DirectoryServices/DefaultLocalDB/Default: Permission denied
du: /System/Library/User Template: Permission denied
du: /Users/Guest/Desktop: Permission denied
du: /Users/Guest/Documents: Permission denied
du: /Users/Guest/Downloads: Permission denied
du: /Users/Guest/Library: Permission denied
du: /Users/Guest/Movies: Permission denied
du: /Users/Guest/Music: Permission denied
du: /Users/Guest/Pictures: Permission denied
du: /Users/Guest/Public/Drop Box: Permission denied
du: /Users/zhangmingkai/.subversion/auth: Permission denied
du: /Users/zhangmingkai/Desktop/程序/PPT资料/dns/shark/log: Permission denied
du: /Users/zhangmingkai/Library/Containers/com.apple.mail/Data/Library/Mail Downloads/A0B0128B-B46A-4A97-A1EE-7614F93D105B/shark/log: Permission denied
du: /Users/zhangmingkai/Library/Saved Application State/com.bitrock.appinstaller.savedState: Permission denied
du: /Users/zhangmingkai/Library/Saved Application State/com.bitrock.appinstaller.uninstall.savedState: Permission denied
du: /usr/local/mysql-5.6.21-osx10.8-x86_64/data/cms: Permission denied
du: /usr/local/mysql-5.6.21-osx10.8-x86_64/data/crawler: Permission denied
du: /usr/local/mysql-5.6.21-osx10.8-x86_64/data/DeepInPhp: Permission denied
du: /usr/local/mysql-5.6.21-osx10.8-x86_64/data/django: Permission denied
du: /usr/local/mysql-5.6.21-osx10.8-x86_64/data/laravel_blog: Permission denied
du: /usr/local/mysql-5.6.21-osx10.8-x86_64/data/lava: Permission denied
du: /usr/local/mysql-5.6.21-osx10.8-x86_64/data/mysql: Permission denied
du: /usr/local/mysql-5.6.21-osx10.8-x86_64/data/node: Permission denied
du: /usr/local/mysql-5.6.21-osx10.8-x86_64/data/performance_schema: Permission denied
du: /usr/local/mysql-5.6.21-osx10.8-x86_64/data/source_ip_info: Permission denied
du: /usr/local/nginx/client_body_temp: Permission denied
du: /usr/local/nginx/fastcgi_temp: Permission denied
du: /usr/local/nginx/proxy_temp: Permission denied
du: /usr/local/nginx/scgi_temp: Permission denied
du: /usr/local/nginx/uwsgi_temp: Permission denied
du: /usr/sbin/authserver: Permission denied
du: /Volumes/Macintosh HD/.DocumentRevisions-V100: Permission denied
du: /Volumes/Macintosh HD/.fseventsd: Permission denied
du: /Volumes/Macintosh HD/.Spotlight-V100: Permission denied
du: /Volumes/Macintosh HD/.TemporaryItems/folders.0: Permission denied
du: /Volumes/Macintosh HD/.Trashes: Permission denied
du: /Volumes/MingKai-MacOS: Permission denied
